<?xml version="1.0" encoding="UTF-8"?>
<testng-results ignored="0" total="1" passed="0" failed="1" skipped="0">
  <reporter-output>
  </reporter-output>
  <suite started-at="2024-02-24T17:02:22 IST" name="Suite" finished-at="2024-02-24T17:03:05 IST" duration-ms="42164">
    <groups>
    </groups>
    <test started-at="2024-02-24T17:02:22 IST" name="Test" finished-at="2024-02-24T17:03:05 IST" duration-ms="42164">
      <class name="TestScripts.LoginTest">
        <test-method is-config="true" signature="setReport()[pri:0, instance:TestScripts.LoginTest@41f69e84]" started-at="2024-02-24T17:02:22 IST" name="setReport" finished-at="2024-02-24T17:02:22 IST" duration-ms="189" status="PASS">
          <reporter-output>
          </reporter-output>
        </test-method> <!-- setReport -->
        <test-method is-config="true" signature="driverInitialization()[pri:0, instance:TestScripts.LoginTest@41f69e84]" started-at="2024-02-24T17:02:22 IST" name="driverInitialization" finished-at="2024-02-24T17:02:47 IST" duration-ms="24278" status="PASS">
          <reporter-output>
          </reporter-output>
        </test-method> <!-- driverInitialization -->
        <test-method signature="loginOrange()[pri:0, instance:TestScripts.LoginTest@41f69e84]" started-at="2024-02-24T17:02:47 IST" name="loginOrange" finished-at="2024-02-24T17:02:58 IST" duration-ms="11630" status="FAIL">
          <exception class="org.openqa.selenium.NoSuchElementException">
            <message>
              <![CDATA[Unable to locate element: button[type='submit']
For documentation on this error, please visit: https://www.selenium.dev/documentation/webdriver/troubleshooting/errors#no-such-element-exception
Build info: version: '4.17.0', revision: 'e52b1be057*'
System info: os.name: 'Windows 10', os.arch: 'amd64', os.version: '10.0', java.version: '17.0.5'
Driver info: org.openqa.selenium.firefox.FirefoxDriver
Command: [d5cba8a3-a5e7-4f94-9e0e-5695c152351f, findElement {value=button[type='submit'], using=css selector}]
Capabilities {acceptInsecureCerts: true, browserName: firefox, browserVersion: 122.0.1, moz:accessibilityChecks: false, moz:buildID: 20240205133611, moz:debuggerAddress: 127.0.0.1:26033, moz:geckodriverVersion: 0.34.0, moz:headless: false, moz:platformVersion: 10.0, moz:processID: 12280, moz:profile: C:\Users\ADMIN\AppData\Loca..., moz:shutdownTimeout: 60000, moz:webdriverClick: true, moz:windowless: false, pageLoadStrategy: normal, platformName: windows, proxy: Proxy(), se:cdp: ws://127.0.0.1:26033/devtoo..., se:cdpVersion: 85.0, setWindowRect: true, strictFileInteractability: false, timeouts: {implicit: 0, pageLoad: 300000, script: 30000}, unhandledPromptBehavior: dismiss and notify}
Session ID: d5cba8a3-a5e7-4f94-9e0e-5695c152351f]]>
            </message>
            <full-stacktrace>
              <![CDATA[org.openqa.selenium.NoSuchElementException: Unable to locate element: button[type='submit']
For documentation on this error, please visit: https://www.selenium.dev/documentation/webdriver/troubleshooting/errors#no-such-element-exception
Build info: version: '4.17.0', revision: 'e52b1be057*'
System info: os.name: 'Windows 10', os.arch: 'amd64', os.version: '10.0', java.version: '17.0.5'
Driver info: org.openqa.selenium.firefox.FirefoxDriver
Command: [d5cba8a3-a5e7-4f94-9e0e-5695c152351f, findElement {value=button[type='submit'], using=css selector}]
Capabilities {acceptInsecureCerts: true, browserName: firefox, browserVersion: 122.0.1, moz:accessibilityChecks: false, moz:buildID: 20240205133611, moz:debuggerAddress: 127.0.0.1:26033, moz:geckodriverVersion: 0.34.0, moz:headless: false, moz:platformVersion: 10.0, moz:processID: 12280, moz:profile: C:\Users\ADMIN\AppData\Loca..., moz:shutdownTimeout: 60000, moz:webdriverClick: true, moz:windowless: false, pageLoadStrategy: normal, platformName: windows, proxy: Proxy(), se:cdp: ws://127.0.0.1:26033/devtoo..., se:cdpVersion: 85.0, setWindowRect: true, strictFileInteractability: false, timeouts: {implicit: 0, pageLoad: 300000, script: 30000}, unhandledPromptBehavior: dismiss and notify}
Session ID: d5cba8a3-a5e7-4f94-9e0e-5695c152351f
at java.base/jdk.internal.reflect.NativeConstructorAccessorImpl.newInstance0(Native Method)
at java.base/jdk.internal.reflect.NativeConstructorAccessorImpl.newInstance(NativeConstructorAccessorImpl.java:77)
at java.base/jdk.internal.reflect.DelegatingConstructorAccessorImpl.newInstance(DelegatingConstructorAccessorImpl.java:45)
at java.base/java.lang.reflect.Constructor.newInstanceWithCaller(Constructor.java:499)
at java.base/java.lang.reflect.Constructor.newInstance(Constructor.java:480)
at org.openqa.selenium.remote.codec.w3c.W3CHttpResponseCodec.createException(W3CHttpResponseCodec.java:185)
at org.openqa.selenium.remote.codec.w3c.W3CHttpResponseCodec.decode(W3CHttpResponseCodec.java:134)
at org.openqa.selenium.remote.codec.w3c.W3CHttpResponseCodec.decode(W3CHttpResponseCodec.java:51)
at org.openqa.selenium.remote.HttpCommandExecutor.execute(HttpCommandExecutor.java:190)
at org.openqa.selenium.remote.service.DriverCommandExecutor.invokeExecute(DriverCommandExecutor.java:216)
at org.openqa.selenium.remote.service.DriverCommandExecutor.execute(DriverCommandExecutor.java:174)
at org.openqa.selenium.remote.RemoteWebDriver.execute(RemoteWebDriver.java:519)
at org.openqa.selenium.remote.ElementLocation$ElementFinder$2.findElement(ElementLocation.java:165)
at org.openqa.selenium.remote.ElementLocation.findElement(ElementLocation.java:59)
at org.openqa.selenium.remote.RemoteWebDriver.findElement(RemoteWebDriver.java:356)
at org.openqa.selenium.remote.RemoteWebDriver.findElement(RemoteWebDriver.java:350)
at org.openqa.selenium.support.pagefactory.DefaultElementLocator.findElement(DefaultElementLocator.java:68)
at org.openqa.selenium.support.pagefactory.internal.LocatingElementHandler.invoke(LocatingElementHandler.java:38)
at jdk.proxy2/jdk.proxy2.$Proxy16.click(Unknown Source)
at ReusableMethods.ReusableMethods.click(ReusableMethods.java:25)
at PageModels.Login.credentialsEmptyValidation(Login.java:48)
at TestScripts.LoginTest.loginOrange(LoginTest.java:26)
at java.base/jdk.internal.reflect.NativeMethodAccessorImpl.invoke0(Native Method)
at java.base/jdk.internal.reflect.NativeMethodAccessorImpl.invoke(NativeMethodAccessorImpl.java:77)
at java.base/jdk.internal.reflect.DelegatingMethodAccessorImpl.invoke(DelegatingMethodAccessorImpl.java:43)
at java.base/java.lang.reflect.Method.invoke(Method.java:568)
at org.testng.internal.invokers.MethodInvocationHelper.invokeMethod(MethodInvocationHelper.java:139)
at org.testng.internal.invokers.TestInvoker.invokeMethod(TestInvoker.java:664)
at org.testng.internal.invokers.TestInvoker.invokeTestMethod(TestInvoker.java:228)
at org.testng.internal.invokers.MethodRunner.runInSequence(MethodRunner.java:63)
at org.testng.internal.invokers.TestInvoker$MethodInvocationAgent.invoke(TestInvoker.java:961)
at org.testng.internal.invokers.TestInvoker.invokeTestMethods(TestInvoker.java:201)
at org.testng.internal.invokers.TestMethodWorker.invokeTestMethods(TestMethodWorker.java:148)
at org.testng.internal.invokers.TestMethodWorker.run(TestMethodWorker.java:128)
at java.base/java.util.ArrayList.forEach(ArrayList.java:1511)
at org.testng.TestRunner.privateRun(TestRunner.java:819)
at org.testng.TestRunner.run(TestRunner.java:619)
at org.testng.SuiteRunner.runTest(SuiteRunner.java:443)
at org.testng.SuiteRunner.runSequentially(SuiteRunner.java:437)
at org.testng.SuiteRunner.privateRun(SuiteRunner.java:397)
at org.testng.SuiteRunner.run(SuiteRunner.java:336)
at org.testng.SuiteRunnerWorker.runSuite(SuiteRunnerWorker.java:52)
at org.testng.SuiteRunnerWorker.run(SuiteRunnerWorker.java:95)
at org.testng.TestNG.runSuitesSequentially(TestNG.java:1301)
at org.testng.TestNG.runSuitesLocally(TestNG.java:1228)
at org.testng.TestNG.runSuites(TestNG.java:1134)
at org.testng.TestNG.run(TestNG.java:1101)
at org.testng.remote.AbstractRemoteTestNG.run(AbstractRemoteTestNG.java:115)
at org.testng.remote.RemoteTestNG.initAndRun(RemoteTestNG.java:251)
at org.testng.remote.RemoteTestNG.main(RemoteTestNG.java:77)
]]>
            </full-stacktrace>
          </exception> <!-- org.openqa.selenium.NoSuchElementException -->
          <reporter-output>
          </reporter-output>
        </test-method> <!-- loginOrange -->
        <test-method is-config="true" signature="driverClose()[pri:0, instance:TestScripts.LoginTest@41f69e84]" started-at="2024-02-24T17:02:59 IST" name="driverClose" finished-at="2024-02-24T17:03:05 IST" duration-ms="5869" status="PASS">
          <reporter-output>
          </reporter-output>
        </test-method> <!-- driverClose -->
        <test-method is-config="true" signature="WriteReport()[pri:0, instance:TestScripts.LoginTest@41f69e84]" started-at="2024-02-24T17:03:05 IST" name="WriteReport" finished-at="2024-02-24T17:03:05 IST" duration-ms="723" status="PASS">
          <reporter-output>
          </reporter-output>
        </test-method> <!-- WriteReport -->
      </class> <!-- TestScripts.LoginTest -->
    </test> <!-- Test -->
  </suite> <!-- Suite -->
</testng-results>
